0 info it worked if it ends with ok
1 verbose cli [ '/usr/bin/node', '/usr/bin/npm', 'run', 'create' ]
2 info using npm@3.5.2
3 info using node@v6.11.4
4 verbose run-script [ 'precreate', 'create', 'postcreate' ]
5 info lifecycle visualizer@1.0.0~precreate: visualizer@1.0.0
6 silly lifecycle visualizer@1.0.0~precreate: no script for precreate, continuing
7 info lifecycle visualizer@1.0.0~create: visualizer@1.0.0
8 verbose lifecycle visualizer@1.0.0~create: unsafe-perm in lifecycle true
9 verbose lifecycle visualizer@1.0.0~create: PATH: /usr/share/npm/bin/node-gyp-bin:/home/leslie/git/visualizer/node_modules/.bin:.:/usr/local/sbin:/usr/local/bin:/usr/sbin:/usr/bin:/sbin:/bin:/usr/games:/usr/local/games:/snap/bin:
10 verbose lifecycle visualizer@1.0.0~create: CWD: /home/leslie/git/visualizer
11 silly lifecycle visualizer@1.0.0~create: Args: [ '-c', 'webpack' ]
12 silly lifecycle visualizer@1.0.0~create: Returned: code: 2  signal: null
13 info lifecycle visualizer@1.0.0~create: Failed to exec create script
14 verbose stack Error: visualizer@1.0.0 create: `webpack`
14 verbose stack Exit status 2
14 verbose stack     at EventEmitter.<anonymous> (/usr/share/npm/lib/utils/lifecycle.js:232:16)
14 verbose stack     at emitTwo (events.js:106:13)
14 verbose stack     at EventEmitter.emit (events.js:191:7)
14 verbose stack     at ChildProcess.<anonymous> (/usr/share/npm/lib/utils/spawn.js:24:14)
14 verbose stack     at emitTwo (events.js:106:13)
14 verbose stack     at ChildProcess.emit (events.js:191:7)
14 verbose stack     at maybeClose (internal/child_process.js:920:16)
14 verbose stack     at Process.ChildProcess._handle.onexit (internal/child_process.js:230:5)
15 verbose pkgid visualizer@1.0.0
16 verbose cwd /home/leslie/git/visualizer/app
17 error Linux 4.13.0-17-generic
18 error argv "/usr/bin/node" "/usr/bin/npm" "run" "create"
19 error node v6.11.4
20 error npm  v3.5.2
21 error code ELIFECYCLE
22 error visualizer@1.0.0 create: `webpack`
22 error Exit status 2
23 error Failed at the visualizer@1.0.0 create script 'webpack'.
23 error Make sure you have the latest version of node.js and npm installed.
23 error If you do, this is most likely a problem with the visualizer package,
23 error not with npm itself.
23 error Tell the author that this fails on your system:
23 error     webpack
23 error You can get information on how to open an issue for this project with:
23 error     npm bugs visualizer
23 error Or if that isn't available, you can get their info via:
23 error     npm owner ls visualizer
23 error There is likely additional logging output above.
24 verbose exit [ 1, true ]
